<?xml version="1.0" encoding="UTF-8"?>
<testng-results ignored="0" total="3" passed="1" failed="2" skipped="0">
  <reporter-output>
  </reporter-output>
  <suite started-at="2023-06-03T11:23:58 IST" name="EcommerseApplication Suite" finished-at="2023-06-03T11:24:31 IST" duration-ms="32819">
    <groups>
    </groups>
    <test started-at="2023-06-03T11:23:58 IST" name="EcommerseApplication Test" finished-at="2023-06-03T11:24:31 IST" duration-ms="32819">
      <class name="com.EcommerseApplication.testCases.SearchTest">
        <test-method is-config="true" signature="setUp()[pri:0, instance:com.EcommerseApplication.testCases.SearchTest@7334aada]" started-at="2023-06-03T11:23:58 IST" name="setUp" finished-at="2023-06-03T11:24:08 IST" duration-ms="10164" status="PASS">
          <reporter-output>
          </reporter-output>
        </test-method> <!-- setUp -->
        <test-method signature="verifySearchWithExistingProduct()[pri:1, instance:com.EcommerseApplication.testCases.SearchTest@7334aada]" started-at="2023-06-03T11:24:08 IST" name="verifySearchWithExistingProduct" finished-at="2023-06-03T11:24:09 IST" duration-ms="815" status="PASS">
          <reporter-output>
          </reporter-output>
        </test-method> <!-- verifySearchWithExistingProduct -->
        <test-method is-config="true" signature="tearDown()[pri:0, instance:com.EcommerseApplication.testCases.SearchTest@7334aada]" started-at="2023-06-03T11:24:09 IST" name="tearDown" finished-at="2023-06-03T11:24:10 IST" duration-ms="549" status="PASS">
          <reporter-output>
          </reporter-output>
        </test-method> <!-- tearDown -->
        <test-method is-config="true" signature="setUp()[pri:0, instance:com.EcommerseApplication.testCases.SearchTest@7334aada]" started-at="2023-06-03T11:24:10 IST" name="setUp" finished-at="2023-06-03T11:24:16 IST" duration-ms="6307" status="PASS">
          <reporter-output>
          </reporter-output>
        </test-method> <!-- setUp -->
        <test-method signature="verifySearchWithNonExistingProduct()[pri:2, instance:com.EcommerseApplication.testCases.SearchTest@7334aada]" started-at="2023-06-03T11:24:16 IST" name="verifySearchWithNonExistingProduct" finished-at="2023-06-03T11:24:19 IST" duration-ms="3491" status="FAIL">
          <exception class="java.lang.AssertionError">
            <message>
              <![CDATA[Warrning message does not displayed expected [There is no product that matches the search criteria12345.] but found [There is no product that matches the search criteria.]]]>
            </message>
            <full-stacktrace>
              <![CDATA[java.lang.AssertionError: Warrning message does not displayed expected [There is no product that matches the search criteria12345.] but found [There is no product that matches the search criteria.]
at org.testng.Assert.fail(Assert.java:99)
at org.testng.Assert.failNotEquals(Assert.java:1037)
at org.testng.Assert.assertEqualsImpl(Assert.java:140)
at org.testng.Assert.assertEquals(Assert.java:122)
at org.testng.Assert.assertEquals(Assert.java:629)
at com.EcommerseApplication.testCases.SearchTest.verifySearchWithNonExistingProduct(SearchTest.java:55)
at java.base/jdk.internal.reflect.DirectMethodHandleAccessor.invoke(DirectMethodHandleAccessor.java:104)
at java.base/java.lang.reflect.Method.invoke(Method.java:578)
at org.testng.internal.MethodInvocationHelper.invokeMethod(MethodInvocationHelper.java:133)
at org.testng.internal.TestInvoker.invokeMethod(TestInvoker.java:598)
at org.testng.internal.TestInvoker.invokeTestMethod(TestInvoker.java:173)
at org.testng.internal.MethodRunner.runInSequence(MethodRunner.java:46)
at org.testng.internal.TestInvoker$MethodInvocationAgent.invoke(TestInvoker.java:824)
at org.testng.internal.TestInvoker.invokeTestMethods(TestInvoker.java:146)
at org.testng.internal.TestMethodWorker.invokeTestMethods(TestMethodWorker.java:146)
at org.testng.internal.TestMethodWorker.run(TestMethodWorker.java:128)
at java.base/java.util.ArrayList.forEach(ArrayList.java:1511)
at org.testng.TestRunner.privateRun(TestRunner.java:794)
at org.testng.TestRunner.run(TestRunner.java:596)
at org.testng.SuiteRunner.runTest(SuiteRunner.java:377)
at org.testng.SuiteRunner.runSequentially(SuiteRunner.java:371)
at org.testng.SuiteRunner.privateRun(SuiteRunner.java:332)
at org.testng.SuiteRunner.run(SuiteRunner.java:276)
at org.testng.SuiteRunnerWorker.runSuite(SuiteRunnerWorker.java:53)
at org.testng.SuiteRunnerWorker.run(SuiteRunnerWorker.java:96)
at org.testng.TestNG.runSuitesSequentially(TestNG.java:1212)
at org.testng.TestNG.runSuitesLocally(TestNG.java:1134)
at org.testng.TestNG.runSuites(TestNG.java:1063)
at org.testng.TestNG.run(TestNG.java:1031)
at org.testng.remote.AbstractRemoteTestNG.run(AbstractRemoteTestNG.java:115)
at org.testng.remote.RemoteTestNG.initAndRun(RemoteTestNG.java:251)
at org.testng.remote.RemoteTestNG.main(RemoteTestNG.java:77)
]]>
            </full-stacktrace>
          </exception> <!-- java.lang.AssertionError -->
          <reporter-output>
          </reporter-output>
        </test-method> <!-- verifySearchWithNonExistingProduct -->
        <test-method is-config="true" signature="tearDown()[pri:0, instance:com.EcommerseApplication.testCases.SearchTest@7334aada]" started-at="2023-06-03T11:24:20 IST" name="tearDown" finished-at="2023-06-03T11:24:20 IST" duration-ms="559" status="PASS">
          <reporter-output>
          </reporter-output>
        </test-method> <!-- tearDown -->
        <test-method is-config="true" signature="setUp()[pri:0, instance:com.EcommerseApplication.testCases.SearchTest@7334aada]" started-at="2023-06-03T11:24:20 IST" name="setUp" finished-at="2023-06-03T11:24:27 IST" duration-ms="6478" status="PASS">
          <reporter-output>
          </reporter-output>
        </test-method> <!-- setUp -->
        <test-method signature="verifySearchWithoutEntringProduct()[pri:3, instance:com.EcommerseApplication.testCases.SearchTest@7334aada]" started-at="2023-06-03T11:24:27 IST" name="verifySearchWithoutEntringProduct" finished-at="2023-06-03T11:24:30 IST" duration-ms="3377" status="FAIL">
          <exception class="java.lang.AssertionError">
            <message>
              <![CDATA[no search product does not displayed expected [There is no product that matches the search criteria12345.] but found [There is no product that matches the search criteria.]]]>
            </message>
            <full-stacktrace>
              <![CDATA[java.lang.AssertionError: no search product does not displayed expected [There is no product that matches the search criteria12345.] but found [There is no product that matches the search criteria.]
at org.testng.Assert.fail(Assert.java:99)
at org.testng.Assert.failNotEquals(Assert.java:1037)
at org.testng.Assert.assertEqualsImpl(Assert.java:140)
at org.testng.Assert.assertEquals(Assert.java:122)
at org.testng.Assert.assertEquals(Assert.java:629)
at com.EcommerseApplication.testCases.SearchTest.verifySearchWithoutEntringProduct(SearchTest.java:69)
at java.base/jdk.internal.reflect.DirectMethodHandleAccessor.invoke(DirectMethodHandleAccessor.java:104)
at java.base/java.lang.reflect.Method.invoke(Method.java:578)
at org.testng.internal.MethodInvocationHelper.invokeMethod(MethodInvocationHelper.java:133)
at org.testng.internal.TestInvoker.invokeMethod(TestInvoker.java:598)
at org.testng.internal.TestInvoker.invokeTestMethod(TestInvoker.java:173)
at org.testng.internal.MethodRunner.runInSequence(MethodRunner.java:46)
at org.testng.internal.TestInvoker$MethodInvocationAgent.invoke(TestInvoker.java:824)
at org.testng.internal.TestInvoker.invokeTestMethods(TestInvoker.java:146)
at org.testng.internal.TestMethodWorker.invokeTestMethods(TestMethodWorker.java:146)
at org.testng.internal.TestMethodWorker.run(TestMethodWorker.java:128)
at java.base/java.util.ArrayList.forEach(ArrayList.java:1511)
at org.testng.TestRunner.privateRun(TestRunner.java:794)
at org.testng.TestRunner.run(TestRunner.java:596)
at org.testng.SuiteRunner.runTest(SuiteRunner.java:377)
at org.testng.SuiteRunner.runSequentially(SuiteRunner.java:371)
at org.testng.SuiteRunner.privateRun(SuiteRunner.java:332)
at org.testng.SuiteRunner.run(SuiteRunner.java:276)
at org.testng.SuiteRunnerWorker.runSuite(SuiteRunnerWorker.java:53)
at org.testng.SuiteRunnerWorker.run(SuiteRunnerWorker.java:96)
at org.testng.TestNG.runSuitesSequentially(TestNG.java:1212)
at org.testng.TestNG.runSuitesLocally(TestNG.java:1134)
at org.testng.TestNG.runSuites(TestNG.java:1063)
at org.testng.TestNG.run(TestNG.java:1031)
at org.testng.remote.AbstractRemoteTestNG.run(AbstractRemoteTestNG.java:115)
at org.testng.remote.RemoteTestNG.initAndRun(RemoteTestNG.java:251)
at org.testng.remote.RemoteTestNG.main(RemoteTestNG.java:77)
]]>
            </full-stacktrace>
          </exception> <!-- java.lang.AssertionError -->
          <reporter-output>
          </reporter-output>
        </test-method> <!-- verifySearchWithoutEntringProduct -->
        <test-method is-config="true" signature="tearDown()[pri:0, instance:com.EcommerseApplication.testCases.SearchTest@7334aada]" started-at="2023-06-03T11:24:30 IST" name="tearDown" finished-at="2023-06-03T11:24:31 IST" duration-ms="438" status="PASS">
          <reporter-output>
          </reporter-output>
        </test-method> <!-- tearDown -->
      </class> <!-- com.EcommerseApplication.testCases.SearchTest -->
    </test> <!-- EcommerseApplication Test -->
  </suite> <!-- EcommerseApplication Suite -->
</testng-results>
